2023-10-27 10:17:53,057 [INFO] Activator:176 - 


2023-10-27 10:17:53,062 [INFO] Activator:177 - !SESSION log4j initialized
2023-10-27 10:17:56,762 [INFO] LogOutputStream:77 - [STDOUT_REDIRECT] 
2023-10-27 10:18:17,272 [ERROR] LogOutputStream:75 - [STDERR_REDIRECT] SLF4J: Failed to load class "org.slf4j.impl.StaticLoggerBinder".
2023-10-27 10:18:17,272 [ERROR] LogOutputStream:75 - [STDERR_REDIRECT] SLF4J: Defaulting to no-operation (NOP) logger implementation
2023-10-27 10:18:17,272 [ERROR] LogOutputStream:75 - [STDERR_REDIRECT] SLF4J: See http://www.slf4j.org/codes.html#StaticLoggerBinder for further details.
2023-10-27 10:18:51,990 [INFO] Activator:176 - 


2023-10-27 10:18:51,992 [INFO] Activator:177 - !SESSION log4j initialized
2023-10-27 10:18:55,647 [INFO] LogOutputStream:77 - [STDOUT_REDIRECT] 
2023-10-27 10:19:16,066 [ERROR] LogOutputStream:75 - [STDERR_REDIRECT] SLF4J: Failed to load class "org.slf4j.impl.StaticLoggerBinder".
2023-10-27 10:19:16,070 [ERROR] LogOutputStream:75 - [STDERR_REDIRECT] SLF4J: Defaulting to no-operation (NOP) logger implementation
2023-10-27 10:19:16,070 [ERROR] LogOutputStream:75 - [STDERR_REDIRECT] SLF4J: See http://www.slf4j.org/codes.html#StaticLoggerBinder for further details.
2023-10-27 10:30:50,116 [ERROR] ConfigurationRetriever:142 - IOException on connection: connect timed out
2023-10-27 10:30:52,134 [ERROR] ConfigurationRetriever:142 - IOException on connection: Read timed out
2023-10-27 10:30:54,137 [ERROR] ConfigurationRetriever:142 - IOException on connection: connect timed out
2023-10-27 11:08:01,887 [ERROR] ConfigurationRetriever:142 - IOException on connection: connect timed out
2023-10-27 11:08:03,905 [ERROR] ConfigurationRetriever:142 - IOException on connection: Read timed out
2023-10-27 11:08:05,908 [ERROR] ConfigurationRetriever:142 - IOException on connection: connect timed out
2023-10-27 11:19:20,844 [ERROR] ConfigurationRetriever:142 - IOException on connection: connect timed out
2023-10-27 11:19:22,847 [ERROR] ConfigurationRetriever:142 - IOException on connection: connect timed out
2023-10-27 11:19:24,851 [ERROR] ConfigurationRetriever:142 - IOException on connection: connect timed out
2023-10-27 11:26:14,567 [ERROR] ConfigurationRetriever:142 - IOException on connection: Read timed out
2023-10-27 11:26:16,587 [ERROR] ConfigurationRetriever:142 - IOException on connection: Read timed out
2023-10-27 11:26:19,607 [ERROR] ConfigurationRetriever:142 - IOException on connection: Read timed out
2023-10-27 11:40:59,176 [ERROR] ConfigurationRetriever:142 - IOException on connection: connect timed out
2023-10-27 11:41:01,179 [ERROR] ConfigurationRetriever:142 - IOException on connection: connect timed out
2023-10-27 11:41:03,196 [ERROR] ConfigurationRetriever:142 - IOException on connection: Read timed out
2023-10-27 13:50:29,416 [INFO] Activator:176 - 


2023-10-27 13:50:29,418 [INFO] Activator:177 - !SESSION log4j initialized
2023-10-27 13:50:33,063 [INFO] LogOutputStream:77 - [STDOUT_REDIRECT] 
2023-10-27 13:50:53,625 [ERROR] LogOutputStream:75 - [STDERR_REDIRECT] SLF4J: Failed to load class "org.slf4j.impl.StaticLoggerBinder".
2023-10-27 13:50:53,626 [ERROR] LogOutputStream:75 - [STDERR_REDIRECT] SLF4J: Defaulting to no-operation (NOP) logger implementation
2023-10-27 13:50:53,626 [ERROR] LogOutputStream:75 - [STDERR_REDIRECT] SLF4J: See http://www.slf4j.org/codes.html#StaticLoggerBinder for further details.
